Arguments: 
  C:\Program Files\nodejs\node.exe C:\Users\hp\AppData\Roaming\npm\node_modules\yarn\bin\yarn.js install

PATH: 
  C:\WINDOWS\system32;C:\WINDOWS;C:\WINDOWS\System32\Wbem;C:\WINDOWS\System32\WindowsPowerShell\v1.0\;C:\WINDOWS\System32\OpenSSH\;C:\Program Files\Git\cmd;C:\ProgramData\chocolatey\bin;C:\Program Files\nodejs\;C:\Users\hp\AppData\Local\Microsoft\WindowsApps;C:\Users\hp\AppData\Local\Programs\Microsoft VS Code\bin;C:\Users\hp\AppData\Local\GitHubDesktop\bin;C:\Program Files\JetBrains\PyCharm Community Edition 2021.2.1\bin;C:\Users\hp\AppData\Roaming\npm

Yarn version: 
  1.22.19

Node version: 
  16.15.0

Platform: 
  win32 x64

Trace: 
  Error: https://registry.yarnpkg.com/@mantine/core/-/core-5.9.4.tgz: ESOCKETTIMEDOUT
      at ClientRequest.<anonymous> (C:\Users\hp\AppData\Roaming\npm\node_modules\yarn\lib\cli.js:141517:19)
      at Object.onceWrapper (node:events:641:28)
      at ClientRequest.emit (node:events:527:28)
      at TLSSocket.emitRequestTimeout (node:_http_client:771:9)
      at Object.onceWrapper (node:events:641:28)
      at TLSSocket.emit (node:events:539:35)
      at TLSSocket.Socket._onTimeout (node:net:516:8)
      at listOnTimeout (node:internal/timers:559:17)
      at processTimers (node:internal/timers:502:7)

npm manifest: 
  {
    "name": "mantine-cra-template",
    "version": "0.1.0",
    "private": true,
    "dependencies": {
      "@emotion/react": "^11.10.5",
      "@mantine/carousel": "^5.9.2",
      "@mantine/core": "^5.9.2",
      "@mantine/dates": "^5.9.2",
      "@mantine/form": "^5.9.2",
      "@mantine/hooks": "^5.9.2",
      "@mantine/modals": "^5.9.2",
      "@mantine/notifications": "^5.9.2",
      "@mantine/nprogress": "^5.9.2",
      "@mantine/spotlight": "^5.9.2",
      "@tabler/icons": "^1.115.0",
      "@testing-library/jest-dom": "^5.16.5",
      "@testing-library/react": "^13.4.0",
      "@testing-library/user-event": "^14.4.3",
      "@types/jest": "^29.2.3",
      "@types/node": "^18.11.9",
      "@types/react": "^18.0.25",
      "@types/react-dom": "^18.0.9",
      "bignumber.js": "^9.1.1",
      "bn.js": "^5.2.1",
      "buffer": "^6.0.3",
      "cookies-next": "^2.1.1",
      "dayjs": "^1.11.6",
      "embla-carousel-react": "^7.0.5",
      "moment-timezone": "^0.5.39",
      "nanoid": "^4.0.0",
      "near-api-js": "0.45.1",
      "react": "^18.2.0",
      "react-dom": "^18.2.0",
      "react-helmet": "^6.1.0",
      "react-router-dom": "^6.4.4",
      "react-scripts": "5.0.1",
      "regenerator-runtime": "^0.13.11",
      "typescript": "^4.9.3",
      "web-vitals": "^3.1.0"
    },
    "scripts": {
      "start": "react-scripts start",
      "build": "react-scripts build",
      "test": "react-scripts test",
      "eject": "react-scripts eject",
      "typecheck": "tsc --noEmit"
    },
    "eslintConfig": {
      "extends": [
        "react-app",
        "react-app/jest"
      ]
    },
    "browserslist": {
      "production": [
        ">0.2%",
        "not dead",
        "not op_mini all"
      ],
      "development": [
        "last 1 chrome version",
        "last 1 firefox version",
        "last 1 safari version"
      ]
    },
    "devDependencies": {
      "@types/react-helmet": "^6.1.6",
      "@types/regenerator-runtime": "^0.13.1"
    }
  }

yarn manifest: 
  No manifest

Lockfile: 
  No lockfile
